\BOOKMARK [1][-]{section.1}{\376\377\176\352\213\272}{}% 1
\BOOKMARK [2][-]{subsection.1.1}{\376\377\170\024\172\166\166\204\200\314\146\157\124\214\141\017\116\111}{section.1}% 2
\BOOKMARK [2][-]{subsection.1.2}{\376\377\126\375\121\205\131\026\170\024\172\166\163\260\162\266}{section.1}% 3
\BOOKMARK [3][-]{subsubsection.1.2.1}{\376\377\162\151\200\124\177\121\133\211\121\150\170\024\172\166\163\260\162\266}{subsection.1.2}% 4
\BOOKMARK [3][-]{subsubsection.1.2.2}{\376\377\146\172\200\375\165\065\177\121\226\220\171\301\133\211\121\150\170\024\172\166\163\260\162\266}{subsection.1.2}% 5
\BOOKMARK [2][-]{subsection.1.3}{\376\377\147\054\145\207\170\024\172\166\121\205\133\271}{section.1}% 6
\BOOKMARK [2][-]{subsection.1.4}{\376\377\213\272\145\207\176\304\176\307\176\323\147\204}{section.1}% 7
\BOOKMARK [1][-]{section.2}{\376\377\146\172\200\375\165\065\177\121\133\211\121\150\147\266\147\204\152\041\127\213\170\024\172\166}{}% 8
\BOOKMARK [2][-]{subsection.2.1}{\376\377\162\151\200\124\177\121\133\211\121\150\147\266\147\204\152\041\127\213\170\024\172\166}{section.2}% 9
\BOOKMARK [3][-]{subsubsection.2.1.1}{\376\377\162\151\200\124\177\121\133\211\121\150\133\371\214\141}{subsection.2.1}% 10
\BOOKMARK [3][-]{subsubsection.2.1.2}{\376\377\162\151\200\124\177\121\133\211\121\150\147\266\147\204}{subsection.2.1}% 11
\BOOKMARK [3][-]{subsubsection.2.1.3}{\376\377\162\151\200\124\177\121\133\211\121\150\143\252\145\275}{subsection.2.1}% 12
\BOOKMARK [2][-]{subsection.2.2}{\376\377\146\172\200\375\165\065\177\121\133\211\121\150\147\266\147\204\152\041\127\213\170\024\172\166}{section.2}% 13
\BOOKMARK [3][-]{subsubsection.2.2.1}{\376\377\146\172\200\375\165\065\177\121\133\211\121\150\133\371\214\141}{subsection.2.2}% 14
\BOOKMARK [3][-]{subsubsection.2.2.2}{\376\377\146\172\200\375\165\065\177\121\133\211\121\150\147\266\147\204}{subsection.2.2}% 15
\BOOKMARK [3][-]{subsubsection.2.2.3}{\376\377\146\172\200\375\165\065\177\121\133\211\121\150\143\252\145\275}{subsection.2.2}% 16
\BOOKMARK [2][-]{subsection.2.3}{\376\377\147\054\172\340\134\017\176\323}{section.2}% 17
\BOOKMARK [1][-]{section.3}{\376\377\127\372\116\216\137\002\136\070\150\300\155\113\166\204\226\220\171\301\133\211\121\150\142\200\147\057\170\024\172\166}{}% 18
\BOOKMARK [2][-]{subsection.3.1}{\376\377\137\002\136\070\210\114\116\072\152\041\137\017\166\204\133\232\116\111}{section.3}% 19
\BOOKMARK [3][-]{subsubsection.3.1.1}{\376\377\165\050\142\067\226\220\171\301\166\204\133\232\116\111}{subsection.3.1}% 20
\BOOKMARK [3][-]{subsubsection.3.1.2}{\376\377\137\002\136\070\210\114\116\072\152\041\137\017}{subsection.3.1}% 21
\BOOKMARK [2][-]{subsection.3.2}{\376\377\127\372\116\216\137\002\136\070\152\041\137\017\150\300\155\113\166\204\145\160\143\156\143\026\143\230\173\227\154\325}{section.3}% 22
\BOOKMARK [2][-]{subsection.3.3}{\376\377\147\054\172\340\134\017\176\323}{section.3}% 23
\BOOKMARK [1][-]{section.4}{\376\377\133\236\232\214\213\276\213\241}{}% 24
\BOOKMARK [2][-]{subsection.4.1}{\376\377\133\236\232\214\166\356\150\007}{section.4}% 25
\BOOKMARK [2][-]{subsection.4.2}{\376\377\213\304\117\060\145\271\154\325}{section.4}% 26
\BOOKMARK [2][-]{subsection.4.3}{\376\377\133\236\232\214\213\276\213\241}{section.4}% 27
\BOOKMARK [2][-]{subsection.4.4}{\376\377\147\054\172\340\134\017\176\323}{section.4}% 28
\BOOKMARK [1][-]{section.5}{\376\377\176\323\213\272}{}% 29
